<?xml version="1.0" encoding="UTF-8"?>
<testng-results skipped="0" failed="0" ignored="0" total="1" passed="1">
  <reporter-output>
  </reporter-output>
  <suite name="Default suite" duration-ms="10581" started-at="2021-08-16T02:17:05Z" finished-at="2021-08-16T02:17:16Z">
    <groups>
      <group name="cucumber">
        <method signature="AbstractTestNGCucumberTests.feature(cucumber.api.testng.CucumberFeatureWrapper)[pri:0, instance:runner.TestRunnerTESTNG@11dc3715]" name="feature" class="cucumber.api.testng.AbstractTestNGCucumberTests"/>
      </group> <!-- cucumber -->
    </groups>
    <test name="Default test" duration-ms="10581" started-at="2021-08-16T02:17:05Z" finished-at="2021-08-16T02:17:16Z">
      <class name="runner.TestRunnerTESTNG">
        <test-method status="PASS" signature="setUpClass()[pri:0, instance:runner.TestRunnerTESTNG@11dc3715]" name="setUpClass" is-config="true" duration-ms="291" started-at="2021-08-16T02:17:05Z" finished-at="2021-08-16T02:17:05Z">
          <reporter-output>
          </reporter-output>
        </test-method> <!-- setUpClass -->
        <test-method status="PASS" signature="feature(cucumber.api.testng.CucumberFeatureWrapper)[pri:0, instance:runner.TestRunnerTESTNG@11dc3715]" name="feature" duration-ms="10155" started-at="2021-08-16T02:17:06Z" description="Runs Cucumber Feature" data-provider="features" finished-at="2021-08-16T02:17:16Z">
          <params>
            <param index="0">
              <value>
                <![CDATA[Call all APIs Incidents, Services]]>
              </value>
            </param>
          </params>
          <reporter-output>
          </reporter-output>
        </test-method> <!-- feature -->
        <test-method status="PASS" signature="tearDownClass()[pri:0, instance:runner.TestRunnerTESTNG@11dc3715]" name="tearDownClass" is-config="true" duration-ms="4" started-at="2021-08-16T02:17:16Z" finished-at="2021-08-16T02:17:16Z">
          <reporter-output>
          </reporter-output>
        </test-method> <!-- tearDownClass -->
      </class> <!-- runner.TestRunnerTESTNG -->
    </test> <!-- Default test -->
  </suite> <!-- Default suite -->
</testng-results>
